###############################################################################
#                                                                             #
# IAR ANSI C/C++ Compiler V5.30.2.51295/W32 for ARM     28/Dec/2014  20:59:02 #
# Copyright 1999-2009 IAR Systems AB.                                         #
#                                                                             #
#    Cpu mode     =  thumb                                                    #
#    Endian       =  little                                                   #
#    Source file  =  C:\Users\Administrator\Desktop\uCOS-II\Micrium\Software\ #
#                    uC-LCD\OS\uCOS-II\lcd_os.c                               #
#    Command line =  C:\Users\Administrator\Desktop\uCOS-II\Micrium\Software\ #
#                    uC-LCD\OS\uCOS-II\lcd_os.c -lCN                          #
#                    C:\Users\Administrator\Desktop\uCOS-II\Micrium\Software\ #
#                    EvalBoards\ST\STM32-SK\IAR\OS-Probe-LCD\Flash\List\ -o   #
#                    C:\Users\Administrator\Desktop\uCOS-II\Micrium\Software\ #
#                    EvalBoards\ST\STM32-SK\IAR\OS-Probe-LCD\Flash\Obj\       #
#                    --no_unroll --no_inline --no_tbaa --no_scheduling        #
#                    --debug --endian=little --cpu=Cortex-M3 -e --fpu=None    #
#                    --dlib_config "F:\Program Files (x86)\IAR                #
#                    Systems\Embedded Workbench 5.4\arm\INC\DLib_Config_Norma #
#                    l.h" -I C:\Users\Administrator\Desktop\uCOS-II\Micrium\S #
#                    oftware\EvalBoards\ST\STM32-SK\IAR\OS-Probe-LCD\ -I      #
#                    C:\Users\Administrator\Desktop\uCOS-II\Micrium\Software\ #
#                    EvalBoards\ST\STM32-SK\IAR\OS-Probe-LCD\..\BSP\ -I       #
#                    C:\Users\Administrator\Desktop\uCOS-II\Micrium\Software\ #
#                    EvalBoards\ST\STM32-SK\IAR\OS-Probe-LCD\..\..\..\..\..\C #
#                    PU\ST\STM32\inc\ -I C:\Users\Administrator\Desktop\uCOS- #
#                    II\Micrium\Software\EvalBoards\ST\STM32-SK\IAR\OS-Probe- #
#                    LCD\..\..\..\..\..\uC-CPU\ -I                            #
#                    C:\Users\Administrator\Desktop\uCOS-II\Micrium\Software\ #
#                    EvalBoards\ST\STM32-SK\IAR\OS-Probe-LCD\..\..\..\..\..\u #
#                    C-CPU\ARM-Cortex-M3\IAR\ -I                              #
#                    C:\Users\Administrator\Desktop\uCOS-II\Micrium\Software\ #
#                    EvalBoards\ST\STM32-SK\IAR\OS-Probe-LCD\..\..\..\..\..\u #
#                    C-LCD\Source\ -I C:\Users\Administrator\Desktop\uCOS-II\ #
#                    Micrium\Software\EvalBoards\ST\STM32-SK\IAR\OS-Probe-LCD #
#                    \..\..\..\..\..\uC-LIB\ -I C:\Users\Administrator\Deskto #
#                    p\uCOS-II\Micrium\Software\EvalBoards\ST\STM32-SK\IAR\OS #
#                    -Probe-LCD\..\..\..\..\..\uCOS-II\Ports\ARM-Cortex-M3\Ge #
#                    neric\IAR\ -I C:\Users\Administrator\Desktop\uCOS-II\Mic #
#                    rium\Software\EvalBoards\ST\STM32-SK\IAR\OS-Probe-LCD\.. #
#                    \..\..\..\..\uCOS-II\Source\ -I                          #
#                    C:\Users\Administrator\Desktop\uCOS-II\Micrium\Software\ #
#                    EvalBoards\ST\STM32-SK\IAR\OS-Probe-LCD\..\..\..\..\..\u #
#                    C-Probe\Target\Communication\Generic\RS-232\Source\ -I   #
#                    C:\Users\Administrator\Desktop\uCOS-II\Micrium\Software\ #
#                    EvalBoards\ST\STM32-SK\IAR\OS-Probe-LCD\..\..\..\..\..\u #
#                    C-Probe\Target\Communication\Generic\RS-232\Ports\ST\STM #
#                    32\ -I C:\Users\Administrator\Desktop\uCOS-II\Micrium\So #
#                    ftware\EvalBoards\ST\STM32-SK\IAR\OS-Probe-LCD\..\..\..\ #
#                    ..\..\uC-Probe\Target\Communication\Generic\Source\ -I   #
#                    C:\Users\Administrator\Desktop\uCOS-II\Micrium\Software\ #
#                    EvalBoards\ST\STM32-SK\IAR\OS-Probe-LCD\..\..\..\..\..\u #
#                    C-Probe\Target\Plugins\uCOS-II\ -I "F:\Program Files     #
#                    (x86)\IAR Systems\Embedded Workbench 5.4\arm\INC\" -Om   #
#    List file    =  C:\Users\Administrator\Desktop\uCOS-II\Micrium\Software\ #
#                    EvalBoards\ST\STM32-SK\IAR\OS-Probe-LCD\Flash\List\lcd_o #
#                    s.lst                                                    #
#    Object file  =  C:\Users\Administrator\Desktop\uCOS-II\Micrium\Software\ #
#                    EvalBoards\ST\STM32-SK\IAR\OS-Probe-LCD\Flash\Obj\lcd_os #
#                    .o                                                       #
#                                                                             #
#                                                                             #
###############################################################################

C:\Users\Administrator\Desktop\uCOS-II\Micrium\Software\uC-LCD\OS\uCOS-II\lcd_os.c
      1          /*
      2          *********************************************************************************************************
      3          *                                               uC/LCD
      4          *                                         LCD Module Driver
      5          *
      6          *                              (c) Copyright 2005; Micrium; Weston, FL
      7          *
      8          *                   All rights reserved.  Protected by international copyright laws.
      9          *                   Knowledge of the source code may not be used to write a similar
     10          *                   product.  This file may only be used in accordance with a license
     11          *                   and should not be redistributed in any way.
     12          *********************************************************************************************************
     13          */
     14          
     15          
     16          /*
     17          *********************************************************************************************************
     18          *                                 LCD MODULE RTOS INTERFACE SOURCE FILE
     19          *
     20          * Filename      : lcd_os.c
     21          * Programmer(s) : JJL
     22          * Version       : V2.11
     23          *********************************************************************************************************
     24          */
     25          
     26          /*
     27          *********************************************************************************************************
     28          *                                              INCLUDE FILES
     29          *********************************************************************************************************
     30          */
     31          
     32          #include "includes.h"
     33          
     34          /*
     35          *********************************************************************************************************
     36          *                                              VARIABLES
     37          *********************************************************************************************************
     38          */
     39          

   \                                 In section .bss, align 4
     40          static  OS_EVENT   *DispSem;                /* Semaphore used to access display functions              */
   \                     DispSem:
   \   00000000                      DS8 4
     41          
     42          /*
     43          *********************************************************************************************************
     44          *                                       INITIALIZE RTOS SERVICES
     45          *
     46          * Description : This function creates a semaphore to ensure exclusive access to the LCD module and thus
     47          *               provide thread safe access to the display.
     48          *
     49          * Arguments   : none
     50          *
     51          * Returns     : none
     52          *********************************************************************************************************
     53          */
     54          

   \                                 In section .text, align 4, keep-with-next
     55          void  DispInitOS (void)
     56          {
   \                     DispInitOS:
   \   00000000   10B5               PUSH     {R4,LR}
   \   00000002   82B0               SUB      SP,SP,#+8
     57          #if OS_EVENT_NAME_SIZE > 11
     58              INT8U  err;
     59          #endif
     60          
     61          
     62              DispSem  = OSSemCreate(1);              /* Create display access semaphore                         */
   \   00000004   ....               LDR.N    R4,??DataTable2  ;; DispSem
   \   00000006   0120               MOVS     R0,#+1
   \   00000008   ........           BL       OSSemCreate
   \   0000000C   2060               STR      R0,[R4, #+0]
     63          #if OS_EVENT_NAME_SIZE > 11
     64              OSEventNameSet(DispSem, (INT8U *)"uC/LCD Lock", &err);
   \   0000000E   00AA               ADD      R2,SP,#+0
   \   00000010   0149               LDR.N    R1,??DispInitOS_0  ;; `?<Constant "uC/LCD Lock">`
   \   00000012   ........           BL       OSEventNameSet
     65          #endif
     66          }
   \   00000016   13BD               POP      {R0,R1,R4,PC}    ;; return
   \                     ??DispInitOS_0:
   \   00000018   ........           DC32     `?<Constant "uC/LCD Lock">`
     67          
     68          /*
     69          *********************************************************************************************************
     70          *                              EXCLUSIVE ACCESS FUNCTIONS TO THE DISPLAY
     71          *
     72          * Description : These functions are used to gain and release exclusive access to the LCD display.
     73          *
     74          * Arguments   : none
     75          *
     76          * Returns     : none
     77          *********************************************************************************************************
     78          */
     79          

   \                                 In section .text, align 2, keep-with-next
     80          void  DispLock (void)
     81          {
   \                     DispLock:
   \   00000000   80B5               PUSH     {R7,LR}
     82              INT8U  err;
     83          
     84          
     85              OSSemPend(DispSem, 0, &err);            /* Obtain exclusive access to the display                  */
   \   00000002   00AA               ADD      R2,SP,#+0
   \   00000004   0021               MOVS     R1,#+0
   \   00000006   ....               LDR.N    R0,??DataTable2  ;; DispSem
   \   00000008   0068               LDR      R0,[R0, #+0]
   \   0000000A   ........           BL       OSSemPend
     86          }
   \   0000000E   01BD               POP      {R0,PC}          ;; return
     87          
     88          
     89          

   \                                 In section .text, align 2, keep-with-next
     90          void  DispUnlock (void)
     91          {
     92              OSSemPost(DispSem);                     /* Release access to display                               */
   \                     DispUnlock:
   \   00000000   ....               LDR.N    R0,??DataTable2  ;; DispSem
   \   00000002   0068               LDR      R0,[R0, #+0]
   \   00000004   ........           B.W      OSSemPost
     93          }

   \                                 In section .text, align 4, keep-with-next
   \                     ??DataTable2:
   \   00000000   ........           DC32     DispSem

   \                                 In section .rodata, align 4
   \                     `?<Constant "uC/LCD Lock">`:
   \   00000000   75432F4C4344       DC8 "uC/LCD Lock"
   \              204C6F636B00

   Maximum stack usage in bytes:

     Function   .cstack
     --------   -------
     DispInitOS     16
     DispLock        8
     DispUnlock      8


   Section sizes:

     Function/Label            Bytes
     --------------            -----
     DispSem                      4
     DispInitOS                  28
     DispLock                    16
     DispUnlock                   8
     ??DataTable2                 4
     ?<Constant "uC/LCD Lock">   12

 
  4 bytes in section .bss
 12 bytes in section .rodata
 56 bytes in section .text
 
 56 bytes of CODE  memory
 12 bytes of CONST memory
  4 bytes of DATA  memory

Errors: none
Warnings: none
